[rosmaster.main][INFO] 2020-05-12 21:11:42,099: initialization complete, waiting for shutdown
[rosmaster.main][INFO] 2020-05-12 21:11:42,100: Starting ROS Master Node
[xmlrpc][INFO] 2020-05-12 21:11:42,100: XML-RPC server binding to :::11311
[xmlrpc][INFO] 2020-05-12 21:11:42,101: binding ipv6 xmlrpc socket to('::', 11311)
[xmlrpc][INFO] 2020-05-12 21:11:42,108: bound to ('::', 11311)
[rosmaster.master][INFO] 2020-05-12 21:11:42,108: Master initialized: port[11311], uri[http://rosdscomputer:11311/]
[xmlrpc][INFO] 2020-05-12 21:11:42,108: Started XML-RPC server [http://rosdscomputer:11311/]
[xmlrpc][INFO] 2020-05-12 21:11:42,108: xml rpc node: starting XML-RPC server
[rosmaster.master][INFO] 2020-05-12 21:11:42,132: +PARAM [/run_id] by /roslaunch
[rosmaster.master][INFO] 2020-05-12 21:11:42,133: +PARAM [/roslaunch/uris/host_rosdscomputer__37165] by /roslaunch
[rosmaster.master][INFO] 2020-05-12 21:11:43,637: +PARAM [/use_sim_time] by /roslaunch
[rosmaster.master][INFO] 2020-05-12 21:11:43,637: +PARAM [/rosdistro] by /roslaunch
[rosmaster.master][INFO] 2020-05-12 21:11:43,637: +PARAM [/robot_description] by /roslaunch
[rosmaster.master][INFO] 2020-05-12 21:11:43,637: +PARAM [/robot_state_publisher/publish_frequency] by /roslaunch
[rosmaster.master][INFO] 2020-05-12 21:11:43,637: +PARAM [/cmd_vel_mux/yaml_cfg_file] by /roslaunch
[rosmaster.master][INFO] 2020-05-12 21:11:43,637: +PARAM [/rosversion] by /roslaunch
[rosmaster.master][INFO] 2020-05-12 21:11:43,646: +SERVICE [/rosout/get_loggers] /rosout http://rosdscomputer:46299/
[rosmaster.master][INFO] 2020-05-12 21:11:43,647: +SERVICE [/rosout/set_logger_level] /rosout http://rosdscomputer:46299/
[rosmaster.master][INFO] 2020-05-12 21:11:43,652: +SUB [/clock] /rosout http://rosdscomputer:46299/
[rosmaster.master][INFO] 2020-05-12 21:11:43,654: +PUB [/rosout_agg] /rosout http://rosdscomputer:46299/
[rosmaster.master][INFO] 2020-05-12 21:11:43,658: +SUB [/rosout] /rosout http://rosdscomputer:46299/
[rosmaster.master][INFO] 2020-05-12 21:11:46,079: +PUB [/rosout] /mobile_base_nodelet_manager http://rosdscomputer:41211/
[rosmaster.master][INFO] 2020-05-12 21:11:46,088: +SERVICE [/mobile_base_nodelet_manager/get_loggers] /mobile_base_nodelet_manager http://rosdscomputer:41211/
[rosmaster.master][INFO] 2020-05-12 21:11:46,100: +SERVICE [/mobile_base_nodelet_manager/set_logger_level] /mobile_base_nodelet_manager http://rosdscomputer:41211/
[rosmaster.master][INFO] 2020-05-12 21:11:46,117: publisherUpdate[/rosout] -> http://rosdscomputer:46299/ ['http://rosdscomputer:41211/']
[rosmaster.master][INFO] 2020-05-12 21:11:46,119: publisherUpdate[/rosout] -> http://rosdscomputer:46299/ ['http://rosdscomputer:41211/']: sec=0.00, result=[1, '', 0]
[rosmaster.master][INFO] 2020-05-12 21:11:46,172: +SUB [/clock] /mobile_base_nodelet_manager http://rosdscomputer:41211/
[rosmaster.master][INFO] 2020-05-12 21:11:46,202: +SERVICE [/mobile_base_nodelet_manager/load_nodelet] /mobile_base_nodelet_manager http://rosdscomputer:41211/
[rosmaster.master][INFO] 2020-05-12 21:11:46,212: +SERVICE [/mobile_base_nodelet_manager/unload_nodelet] /mobile_base_nodelet_manager http://rosdscomputer:41211/
[rosmaster.master][INFO] 2020-05-12 21:11:46,228: +SERVICE [/mobile_base_nodelet_manager/list] /mobile_base_nodelet_manager http://rosdscomputer:41211/
[rosmaster.master][INFO] 2020-05-12 21:11:46,740: +PUB [/rosout] /cmd_vel_mux http://rosdscomputer:36297/
[rosmaster.master][INFO] 2020-05-12 21:11:46,752: +SERVICE [/cmd_vel_mux/get_loggers] /cmd_vel_mux http://rosdscomputer:36297/
[rosmaster.master][INFO] 2020-05-12 21:11:46,753: +SERVICE [/cmd_vel_mux/set_logger_level] /cmd_vel_mux http://rosdscomputer:36297/
[rosmaster.master][INFO] 2020-05-12 21:11:46,812: +SUB [/clock] /cmd_vel_mux http://rosdscomputer:36297/
[rosmaster.master][INFO] 2020-05-12 21:11:46,828: publisherUpdate[/rosout] -> http://rosdscomputer:46299/ ['http://rosdscomputer:41211/', 'http://rosdscomputer:36297/']
[rosmaster.master][INFO] 2020-05-12 21:11:46,829: publisherUpdate[/rosout] -> http://rosdscomputer:46299/ ['http://rosdscomputer:41211/', 'http://rosdscomputer:36297/']: sec=0.00, result=[1, '', 0]
[rosmaster.master][INFO] 2020-05-12 21:11:46,832: +PARAM [/cmd_vel_mux] by /cmd_vel_mux
[rosmaster.master][INFO] 2020-05-12 21:11:46,934: +SERVICE [/cmd_vel_mux/set_parameters] /mobile_base_nodelet_manager http://rosdscomputer:41211/
[rosmaster.master][INFO] 2020-05-12 21:11:46,950: +PUB [/cmd_vel_mux/parameter_descriptions] /mobile_base_nodelet_manager http://rosdscomputer:41211/
[rosmaster.master][INFO] 2020-05-12 21:11:46,968: +PUB [/cmd_vel_mux/parameter_updates] /mobile_base_nodelet_manager http://rosdscomputer:41211/
[rosmaster.master][INFO] 2020-05-12 21:11:46,996: +PARAM [/cmd_vel_mux/yaml_cfg_file] by /mobile_base_nodelet_manager
[rosmaster.master][INFO] 2020-05-12 21:11:47,004: +PARAM [/cmd_vel_mux/yaml_cfg_data] by /mobile_base_nodelet_manager
[rosmaster.master][INFO] 2020-05-12 21:11:47,014: +PUB [/mobile_base/commands/velocity] /mobile_base_nodelet_manager http://rosdscomputer:41211/
[rosmaster.master][INFO] 2020-05-12 21:11:47,042: +SUB [/cmd_vel_mux/input/safety_controller] /mobile_base_nodelet_manager http://rosdscomputer:41211/
[rosmaster.master][INFO] 2020-05-12 21:11:47,045: +SUB [/cmd_vel_mux/input/teleop] /mobile_base_nodelet_manager http://rosdscomputer:41211/
[rosmaster.master][INFO] 2020-05-12 21:11:47,065: +SUB [/cmd_vel_mux/input/switch] /mobile_base_nodelet_manager http://rosdscomputer:41211/
[rosmaster.master][INFO] 2020-05-12 21:11:47,069: +SUB [/cmd_vel_mux/input/navi] /mobile_base_nodelet_manager http://rosdscomputer:41211/
[rosmaster.master][INFO] 2020-05-12 21:11:47,071: +PARAM [/cmd_vel_mux/yaml_cfg_file] by /mobile_base_nodelet_manager
[rosmaster.master][INFO] 2020-05-12 21:11:47,071: +PARAM [/cmd_vel_mux/yaml_cfg_data] by /mobile_base_nodelet_manager
[rosmaster.master][INFO] 2020-05-12 21:11:47,084: +PUB [/cmd_vel_mux/active] /mobile_base_nodelet_manager http://rosdscomputer:41211/
[rosmaster.master][INFO] 2020-05-12 21:11:47,087: +PUB [/mobile_base_nodelet_manager/bond] /mobile_base_nodelet_manager http://rosdscomputer:41211/
[rosmaster.master][INFO] 2020-05-12 21:11:47,094: +SUB [/mobile_base_nodelet_manager/bond] /mobile_base_nodelet_manager http://rosdscomputer:41211/
[rosmaster.master][INFO] 2020-05-12 21:11:47,130: +PUB [/mobile_base_nodelet_manager/bond] /cmd_vel_mux http://rosdscomputer:36297/
[rosmaster.master][INFO] 2020-05-12 21:11:47,134: +SUB [/mobile_base_nodelet_manager/bond] /cmd_vel_mux http://rosdscomputer:36297/
[rosmaster.master][INFO] 2020-05-12 21:11:47,229: publisherUpdate[/mobile_base_nodelet_manager/bond] -> http://rosdscomputer:41211/ ['http://rosdscomputer:41211/', 'http://rosdscomputer:36297/']
[rosmaster.master][INFO] 2020-05-12 21:11:47,230: publisherUpdate[/mobile_base_nodelet_manager/bond] -> http://rosdscomputer:41211/ ['http://rosdscomputer:41211/', 'http://rosdscomputer:36297/']: sec=0.00, result=[1, '', 0]
[rosmaster.master][INFO] 2020-05-12 21:11:47,698: +PUB [/rosout] /robot_state_publisher http://rosdscomputer:34955/
[rosmaster.master][INFO] 2020-05-12 21:11:47,698: +SERVICE [/robot_state_publisher/get_loggers] /robot_state_publisher http://rosdscomputer:34955/
[rosmaster.master][INFO] 2020-05-12 21:11:47,699: +SERVICE [/robot_state_publisher/set_logger_level] /robot_state_publisher http://rosdscomputer:34955/
[rosmaster.master][INFO] 2020-05-12 21:11:47,704: +SUB [/clock] /robot_state_publisher http://rosdscomputer:34955/
[rosmaster.master][INFO] 2020-05-12 21:11:47,714: +PUB [/tf] /robot_state_publisher http://rosdscomputer:34955/
[rosmaster.master][INFO] 2020-05-12 21:11:47,715: +PUB [/tf_static] /robot_state_publisher http://rosdscomputer:34955/
[rosmaster.master][INFO] 2020-05-12 21:11:47,724: +SUB [/joint_states] /robot_state_publisher http://rosdscomputer:34955/
[rosmaster.master][INFO] 2020-05-12 21:11:47,731: publisherUpdate[/rosout] -> http://rosdscomputer:46299/ ['http://rosdscomputer:41211/', 'http://rosdscomputer:36297/', 'http://rosdscomputer:34955/']
[rosmaster.master][INFO] 2020-05-12 21:11:47,732: publisherUpdate[/rosout] -> http://rosdscomputer:46299/ ['http://rosdscomputer:41211/', 'http://rosdscomputer:36297/', 'http://rosdscomputer:34955/']: sec=0.00, result=[1, '', 0]
[rosmaster.master][INFO] 2020-05-12 21:11:48,901: +PUB [/rosout] /spawn_turtlebot_model http://rosdscomputer:46785/
[rosmaster.master][INFO] 2020-05-12 21:11:48,904: +SUB [/clock] /spawn_turtlebot_model http://rosdscomputer:46785/
[rosmaster.master][INFO] 2020-05-12 21:11:48,906: +SERVICE [/spawn_turtlebot_model/get_loggers] /spawn_turtlebot_model http://rosdscomputer:46785/
[rosmaster.master][INFO] 2020-05-12 21:11:48,906: +SERVICE [/spawn_turtlebot_model/set_logger_level] /spawn_turtlebot_model http://rosdscomputer:46785/
[rosmaster.master][INFO] 2020-05-12 21:11:48,933: publisherUpdate[/rosout] -> http://rosdscomputer:46299/ ['http://rosdscomputer:41211/', 'http://rosdscomputer:36297/', 'http://rosdscomputer:34955/', 'http://rosdscomputer:46785/']
[rosmaster.master][INFO] 2020-05-12 21:11:48,934: publisherUpdate[/rosout] -> http://rosdscomputer:46299/ ['http://rosdscomputer:41211/', 'http://rosdscomputer:36297/', 'http://rosdscomputer:34955/', 'http://rosdscomputer:46785/']: sec=0.00, result=[1, '', 0]
[rosmaster.master][INFO] 2020-05-12 21:11:51,092: +PUB [/rosout] /gazebo http://rosdscomputer:34227/
[rosmaster.master][INFO] 2020-05-12 21:11:51,093: +SERVICE [/gazebo/get_loggers] /gazebo http://rosdscomputer:34227/
[rosmaster.master][INFO] 2020-05-12 21:11:51,094: +SERVICE [/gazebo/set_logger_level] /gazebo http://rosdscomputer:34227/
[rosmaster.master][INFO] 2020-05-12 21:11:51,099: +SUB [/clock] /gazebo http://rosdscomputer:34227/
[rosmaster.master][INFO] 2020-05-12 21:11:51,137: publisherUpdate[/rosout] -> http://rosdscomputer:46299/ ['http://rosdscomputer:41211/', 'http://rosdscomputer:36297/', 'http://rosdscomputer:34955/', 'http://rosdscomputer:46785/', 'http://rosdscomputer:34227/']
[rosmaster.master][INFO] 2020-05-12 21:11:51,140: publisherUpdate[/rosout] -> http://rosdscomputer:46299/ ['http://rosdscomputer:41211/', 'http://rosdscomputer:36297/', 'http://rosdscomputer:34955/', 'http://rosdscomputer:46785/', 'http://rosdscomputer:34227/']: sec=0.00, result=[1, '', 0]
[rosmaster.master][INFO] 2020-05-12 21:11:56,171: +PUB [/clock] /gazebo http://rosdscomputer:34227/
[rosmaster.master][INFO] 2020-05-12 21:11:56,173: +SERVICE [/gazebo/spawn_sdf_model] /gazebo http://rosdscomputer:34227/
[rosmaster.master][INFO] 2020-05-12 21:11:56,174: +SERVICE [/gazebo/spawn_urdf_model] /gazebo http://rosdscomputer:34227/
[rosmaster.master][INFO] 2020-05-12 21:11:56,175: +SERVICE [/gazebo/delete_model] /gazebo http://rosdscomputer:34227/
[rosmaster.master][INFO] 2020-05-12 21:11:56,176: +SERVICE [/gazebo/delete_light] /gazebo http://rosdscomputer:34227/
[rosmaster.master][INFO] 2020-05-12 21:11:56,176: +SERVICE [/gazebo/get_model_properties] /gazebo http://rosdscomputer:34227/
[rosmaster.master][INFO] 2020-05-12 21:11:56,177: +SERVICE [/gazebo/get_model_state] /gazebo http://rosdscomputer:34227/
[rosmaster.master][INFO] 2020-05-12 21:11:56,178: +SERVICE [/gazebo/get_world_properties] /gazebo http://rosdscomputer:34227/
[rosmaster.master][INFO] 2020-05-12 21:11:56,179: +SERVICE [/gazebo/get_joint_properties] /gazebo http://rosdscomputer:34227/
[rosmaster.master][INFO] 2020-05-12 21:11:56,180: +SERVICE [/gazebo/get_link_properties] /gazebo http://rosdscomputer:34227/
[rosmaster.master][INFO] 2020-05-12 21:11:56,184: +SERVICE [/gazebo/get_link_state] /gazebo http://rosdscomputer:34227/
[rosmaster.master][INFO] 2020-05-12 21:11:56,184: +SERVICE [/gazebo/get_light_properties] /gazebo http://rosdscomputer:34227/
[rosmaster.master][INFO] 2020-05-12 21:11:56,185: +SERVICE [/gazebo/set_light_properties] /gazebo http://rosdscomputer:34227/
[rosmaster.master][INFO] 2020-05-12 21:11:56,186: +SERVICE [/gazebo/get_physics_properties] /gazebo http://rosdscomputer:34227/
[rosmaster.master][INFO] 2020-05-12 21:11:56,187: +PUB [/gazebo/link_states] /gazebo http://rosdscomputer:34227/
[rosmaster.master][INFO] 2020-05-12 21:11:56,188: +PUB [/gazebo/model_states] /gazebo http://rosdscomputer:34227/
[rosmaster.master][INFO] 2020-05-12 21:11:56,189: +SERVICE [/gazebo/set_link_properties] /gazebo http://rosdscomputer:34227/
[rosmaster.master][INFO] 2020-05-12 21:11:56,190: +SERVICE [/gazebo/set_physics_properties] /gazebo http://rosdscomputer:34227/
[rosmaster.master][INFO] 2020-05-12 21:11:56,190: +SERVICE [/gazebo/set_model_state] /gazebo http://rosdscomputer:34227/
[rosmaster.master][INFO] 2020-05-12 21:11:56,191: +SERVICE [/gazebo/set_model_configuration] /gazebo http://rosdscomputer:34227/
[rosmaster.master][INFO] 2020-05-12 21:11:56,197: +SERVICE [/gazebo/set_joint_properties] /gazebo http://rosdscomputer:34227/
[rosmaster.master][INFO] 2020-05-12 21:11:56,198: +SERVICE [/gazebo/set_link_state] /gazebo http://rosdscomputer:34227/
[rosmaster.master][INFO] 2020-05-12 21:11:56,202: +SUB [/gazebo/set_link_state] /gazebo http://rosdscomputer:34227/
[rosmaster.master][INFO] 2020-05-12 21:11:56,206: +SUB [/gazebo/set_model_state] /gazebo http://rosdscomputer:34227/
[rosmaster.master][INFO] 2020-05-12 21:11:56,207: +SERVICE [/gazebo/pause_physics] /gazebo http://rosdscomputer:34227/
[rosmaster.master][INFO] 2020-05-12 21:11:56,208: +SERVICE [/gazebo/unpause_physics] /gazebo http://rosdscomputer:34227/
[rosmaster.master][INFO] 2020-05-12 21:11:56,209: +SERVICE [/gazebo/apply_body_wrench] /gazebo http://rosdscomputer:34227/
[rosmaster.master][INFO] 2020-05-12 21:11:56,210: +SERVICE [/gazebo/apply_joint_effort] /gazebo http://rosdscomputer:34227/
[rosmaster.master][INFO] 2020-05-12 21:11:56,211: +SERVICE [/gazebo/clear_joint_forces] /gazebo http://rosdscomputer:34227/
[rosmaster.master][INFO] 2020-05-12 21:11:56,212: +SERVICE [/gazebo/clear_body_wrenches] /gazebo http://rosdscomputer:34227/
[rosmaster.master][INFO] 2020-05-12 21:11:56,216: +SERVICE [/gazebo/reset_simulation] /gazebo http://rosdscomputer:34227/
[rosmaster.master][INFO] 2020-05-12 21:11:56,220: +SERVICE [/gazebo/reset_world] /gazebo http://rosdscomputer:34227/
[rosmaster.master][INFO] 2020-05-12 21:11:56,246: publisherUpdate[/clock] -> http://rosdscomputer:46299/ ['http://rosdscomputer:34227/']
[rosmaster.master][INFO] 2020-05-12 21:11:56,247: publisherUpdate[/clock] -> http://rosdscomputer:46299/ ['http://rosdscomputer:34227/']: sec=0.00, result=[1, '', 0]
[rosmaster.master][INFO] 2020-05-12 21:11:56,248: publisherUpdate[/clock] -> http://rosdscomputer:41211/ ['http://rosdscomputer:34227/']
[rosmaster.master][INFO] 2020-05-12 21:11:56,249: publisherUpdate[/clock] -> http://rosdscomputer:41211/ ['http://rosdscomputer:34227/']: sec=0.00, result=[1, '', 0]
[rosmaster.master][INFO] 2020-05-12 21:11:56,249: publisherUpdate[/clock] -> http://rosdscomputer:36297/ ['http://rosdscomputer:34227/']
[rosmaster.master][INFO] 2020-05-12 21:11:56,249: publisherUpdate[/clock] -> http://rosdscomputer:34955/ ['http://rosdscomputer:34227/']
[rosmaster.master][INFO] 2020-05-12 21:11:56,250: publisherUpdate[/clock] -> http://rosdscomputer:46785/ ['http://rosdscomputer:34227/']
[rosmaster.master][INFO] 2020-05-12 21:11:56,250: publisherUpdate[/clock] -> http://rosdscomputer:36297/ ['http://rosdscomputer:34227/']: sec=0.00, result=[1, '', 0]
[rosmaster.master][INFO] 2020-05-12 21:11:56,250: publisherUpdate[/clock] -> http://rosdscomputer:34227/ ['http://rosdscomputer:34227/']
[rosmaster.master][INFO] 2020-05-12 21:11:56,251: publisherUpdate[/clock] -> http://rosdscomputer:34955/ ['http://rosdscomputer:34227/']: sec=0.00, result=[1, '', 0]
[rosmaster.master][INFO] 2020-05-12 21:11:56,251: publisherUpdate[/clock] -> http://rosdscomputer:34227/ ['http://rosdscomputer:34227/']: sec=0.00, result=[1, '', 0]
[rosmaster.master][INFO] 2020-05-12 21:11:56,252: publisherUpdate[/clock] -> http://rosdscomputer:46785/ ['http://rosdscomputer:34227/']: sec=0.00, result=[1, '', 0]
[rosmaster.master][INFO] 2020-05-12 21:11:56,257: +SERVICE [/gazebo/set_parameters] /gazebo http://rosdscomputer:34227/
[rosmaster.master][INFO] 2020-05-12 21:11:56,258: +PUB [/gazebo/parameter_descriptions] /gazebo http://rosdscomputer:34227/
[rosmaster.master][INFO] 2020-05-12 21:11:56,259: +PUB [/gazebo/parameter_updates] /gazebo http://rosdscomputer:34227/
[rosmaster.master][INFO] 2020-05-12 21:11:56,271: +PARAM [/gazebo/time_step] by /gazebo
[rosmaster.master][INFO] 2020-05-12 21:11:56,272: +PARAM [/gazebo/max_update_rate] by /gazebo
[rosmaster.master][INFO] 2020-05-12 21:11:56,273: +PARAM [/gazebo/gravity_x] by /gazebo
[rosmaster.master][INFO] 2020-05-12 21:11:56,274: +PARAM [/gazebo/gravity_y] by /gazebo
[rosmaster.master][INFO] 2020-05-12 21:11:56,274: +PARAM [/gazebo/gravity_z] by /gazebo
[rosmaster.master][INFO] 2020-05-12 21:11:56,275: +PARAM [/gazebo/auto_disable_bodies] by /gazebo
[rosmaster.master][INFO] 2020-05-12 21:11:56,276: +PARAM [/gazebo/sor_pgs_precon_iters] by /gazebo
[rosmaster.master][INFO] 2020-05-12 21:11:56,277: +PARAM [/gazebo/sor_pgs_iters] by /gazebo
[rosmaster.master][INFO] 2020-05-12 21:11:56,278: +PARAM [/gazebo/sor_pgs_w] by /gazebo
[rosmaster.master][INFO] 2020-05-12 21:11:56,279: +PARAM [/gazebo/sor_pgs_rms_error_tol] by /gazebo
[rosmaster.master][INFO] 2020-05-12 21:11:56,280: +PARAM [/gazebo/cfm] by /gazebo
[rosmaster.master][INFO] 2020-05-12 21:11:56,281: +PARAM [/gazebo/erp] by /gazebo
[rosmaster.master][INFO] 2020-05-12 21:11:56,282: +PARAM [/gazebo/contact_surface_layer] by /gazebo
[rosmaster.master][INFO] 2020-05-12 21:11:56,283: +PARAM [/gazebo/contact_max_correcting_vel] by /gazebo
[rosmaster.master][INFO] 2020-05-12 21:11:56,284: +PARAM [/gazebo/max_contacts] by /gazebo
[rosmaster.master][INFO] 2020-05-12 21:11:56,293: +PARAM [/gazebo/time_step] by /gazebo
[rosmaster.master][INFO] 2020-05-12 21:11:56,295: +PARAM [/gazebo/max_update_rate] by /gazebo
[rosmaster.master][INFO] 2020-05-12 21:11:56,297: +PARAM [/gazebo/gravity_x] by /gazebo
[rosmaster.master][INFO] 2020-05-12 21:11:56,298: +PARAM [/gazebo/gravity_y] by /gazebo
[rosmaster.master][INFO] 2020-05-12 21:11:56,299: +PARAM [/gazebo/gravity_z] by /gazebo
[rosmaster.master][INFO] 2020-05-12 21:11:56,300: +PARAM [/gazebo/auto_disable_bodies] by /gazebo
[rosmaster.master][INFO] 2020-05-12 21:11:56,301: +PARAM [/gazebo/sor_pgs_precon_iters] by /gazebo
[rosmaster.master][INFO] 2020-05-12 21:11:56,302: +PARAM [/gazebo/sor_pgs_iters] by /gazebo
[rosmaster.master][INFO] 2020-05-12 21:11:56,303: +PARAM [/gazebo/sor_pgs_w] by /gazebo
[rosmaster.master][INFO] 2020-05-12 21:11:56,304: +PARAM [/gazebo/sor_pgs_rms_error_tol] by /gazebo
[rosmaster.master][INFO] 2020-05-12 21:11:56,305: +PARAM [/gazebo/cfm] by /gazebo
[rosmaster.master][INFO] 2020-05-12 21:11:56,306: +PARAM [/gazebo/erp] by /gazebo
[rosmaster.master][INFO] 2020-05-12 21:11:56,307: +PARAM [/gazebo/contact_surface_layer] by /gazebo
[rosmaster.master][INFO] 2020-05-12 21:11:56,308: +PARAM [/gazebo/contact_max_correcting_vel] by /gazebo
[rosmaster.master][INFO] 2020-05-12 21:11:56,309: +PARAM [/gazebo/max_contacts] by /gazebo
[rosmaster.master][INFO] 2020-05-12 21:11:57,793: +SERVICE [/camera/set_camera_info] /gazebo http://rosdscomputer:34227/
[rosmaster.master][INFO] 2020-05-12 21:11:57,810: +SERVICE [/camera/set_parameters] /gazebo http://rosdscomputer:34227/
[rosmaster.master][INFO] 2020-05-12 21:11:57,824: +PUB [/camera/parameter_descriptions] /gazebo http://rosdscomputer:34227/
[rosmaster.master][INFO] 2020-05-12 21:11:57,828: +PUB [/camera/parameter_updates] /gazebo http://rosdscomputer:34227/
[rosmaster.master][INFO] 2020-05-12 21:11:57,837: +PARAM [/camera/imager_rate] by /gazebo
[rosmaster.master][INFO] 2020-05-12 21:11:57,842: +PARAM [/camera/imager_rate] by /gazebo
[rosmaster.master][INFO] 2020-05-12 21:11:57,859: -SUB [/clock] /spawn_turtlebot_model http://rosdscomputer:46785/
[rosmaster.master][INFO] 2020-05-12 21:11:57,860: -PUB [/rosout] /spawn_turtlebot_model http://rosdscomputer:46785/
[rosmaster.master][INFO] 2020-05-12 21:11:57,860: -SERVICE [/spawn_turtlebot_model/get_loggers] /spawn_turtlebot_model rosrpc://rosdscomputer:44677
[rosmaster.master][INFO] 2020-05-12 21:11:57,860: -SERVICE [/spawn_turtlebot_model/set_logger_level] /spawn_turtlebot_model rosrpc://rosdscomputer:44677
[rosmaster.master][INFO] 2020-05-12 21:11:57,953: publisherUpdate[/rosout] -> http://rosdscomputer:46299/ ['http://rosdscomputer:41211/', 'http://rosdscomputer:36297/', 'http://rosdscomputer:34955/', 'http://rosdscomputer:34227/']
[rosmaster.master][INFO] 2020-05-12 21:11:57,956: publisherUpdate[/rosout] -> http://rosdscomputer:46299/ ['http://rosdscomputer:41211/', 'http://rosdscomputer:36297/', 'http://rosdscomputer:34955/', 'http://rosdscomputer:34227/']: sec=0.00, result=[1, '', 0]
[rosmaster.master][INFO] 2020-05-12 21:11:58,002: +PUB [/camera/rgb/image_raw/compressedDepth] /gazebo http://rosdscomputer:34227/
[rosmaster.master][INFO] 2020-05-12 21:11:58,008: +SERVICE [/camera/rgb/image_raw/compressedDepth/set_parameters] /gazebo http://rosdscomputer:34227/
[rosmaster.master][ERROR] 2020-05-12 21:11:58,016: Traceback (most recent call last):
  File "/opt/ros/kinetic/lib/python2.7/dist-packages/rosmaster/master_api.py", line 177, in validated_f
    code, msg, val = f(*newArgs, **kwds)
  File "/opt/ros/kinetic/lib/python2.7/dist-packages/rosmaster/master_api.py", line 435, in searchParam
    search_key = self.param_server.search_param(caller_id, key)
  File "/opt/ros/kinetic/lib/python2.7/dist-packages/rosmaster/paramserver.py", line 116, in search_param
    raise ValueError("namespace must be global")
ValueError: namespace must be global

[rosmaster.master][INFO] 2020-05-12 21:11:58,018: +PUB [/camera/rgb/image_raw/compressedDepth/parameter_descriptions] /gazebo http://rosdscomputer:34227/
[rosmaster.master][INFO] 2020-05-12 21:11:58,020: +PUB [/kobuki/laser/scan] /gazebo http://rosdscomputer:34227/
[rosmaster.master][INFO] 2020-05-12 21:11:58,021: +PUB [/camera/rgb/image_raw/compressedDepth/parameter_updates] /gazebo http://rosdscomputer:34227/
[rosmaster.master][INFO] 2020-05-12 21:11:58,024: +PARAM [/camera/rgb/image_raw/compressedDepth/depth_max] by /gazebo
[rosmaster.master][INFO] 2020-05-12 21:11:58,024: +PARAM [/camera/rgb/image_raw/compressedDepth/depth_quantization] by /gazebo
[rosmaster.master][INFO] 2020-05-12 21:11:58,025: +PARAM [/camera/rgb/image_raw/compressedDepth/png_level] by /gazebo
[rosmaster.master][INFO] 2020-05-12 21:11:58,026: +PARAM [/camera/rgb/image_raw/compressedDepth/depth_max] by /gazebo
[rosmaster.master][INFO] 2020-05-12 21:11:58,027: +PARAM [/camera/rgb/image_raw/compressedDepth/depth_quantization] by /gazebo
[rosmaster.master][INFO] 2020-05-12 21:11:58,028: +PARAM [/camera/rgb/image_raw/compressedDepth/png_level] by /gazebo
[rosmaster.master][INFO] 2020-05-12 21:11:58,090: +PUB [/camera/rgb/image_raw/compressed] /gazebo http://rosdscomputer:34227/
[rosmaster.master][INFO] 2020-05-12 21:11:58,091: +SERVICE [/camera/rgb/image_raw/compressed/set_parameters] /gazebo http://rosdscomputer:34227/
[rosmaster.master][INFO] 2020-05-12 21:11:58,092: +PUB [/camera/rgb/image_raw/compressed/parameter_descriptions] /gazebo http://rosdscomputer:34227/
[rosmaster.master][INFO] 2020-05-12 21:11:58,093: +PUB [/camera/rgb/image_raw/compressed/parameter_updates] /gazebo http://rosdscomputer:34227/
[rosmaster.master][INFO] 2020-05-12 21:11:58,112: +PARAM [/camera/rgb/image_raw/compressed/format] by /gazebo
[rosmaster.master][INFO] 2020-05-12 21:11:58,119: +PARAM [/camera/rgb/image_raw/compressed/jpeg_quality] by /gazebo
[rosmaster.master][INFO] 2020-05-12 21:11:58,123: +PARAM [/camera/rgb/image_raw/compressed/png_level] by /gazebo
[rosmaster.master][INFO] 2020-05-12 21:11:58,124: +PARAM [/camera/rgb/image_raw/compressed/format] by /gazebo
[rosmaster.master][INFO] 2020-05-12 21:11:58,127: +PARAM [/camera/rgb/image_raw/compressed/jpeg_quality] by /gazebo
[rosmaster.master][INFO] 2020-05-12 21:11:58,133: +PARAM [/camera/rgb/image_raw/compressed/png_level] by /gazebo
[rosmaster.master][INFO] 2020-05-12 21:11:58,240: +PUB [/camera/rgb/image_raw] /gazebo http://rosdscomputer:34227/
[rosmaster.master][ERROR] 2020-05-12 21:11:58,242: Traceback (most recent call last):
  File "/opt/ros/kinetic/lib/python2.7/dist-packages/rosmaster/master_api.py", line 177, in validated_f
    code, msg, val = f(*newArgs, **kwds)
  File "/opt/ros/kinetic/lib/python2.7/dist-packages/rosmaster/master_api.py", line 435, in searchParam
    search_key = self.param_server.search_param(caller_id, key)
  File "/opt/ros/kinetic/lib/python2.7/dist-packages/rosmaster/paramserver.py", line 116, in search_param
    raise ValueError("namespace must be global")
ValueError: namespace must be global

[rosmaster.master][INFO] 2020-05-12 21:11:58,244: +PUB [/joint_states] /gazebo http://rosdscomputer:34227/
[rosmaster.master][INFO] 2020-05-12 21:11:58,245: +PUB [/tf] /gazebo http://rosdscomputer:34227/
[rosmaster.master][INFO] 2020-05-12 21:11:58,250: +SUB [/cmd_vel] /gazebo http://rosdscomputer:34227/
[rosmaster.master][INFO] 2020-05-12 21:11:58,251: +PUB [/odom] /gazebo http://rosdscomputer:34227/
[rosmaster.master][INFO] 2020-05-12 21:11:58,257: publisherUpdate[/joint_states] -> http://rosdscomputer:34955/ ['http://rosdscomputer:34227/']
[rosmaster.master][INFO] 2020-05-12 21:11:58,258: publisherUpdate[/joint_states] -> http://rosdscomputer:34955/ ['http://rosdscomputer:34227/']: sec=0.00, result=[1, '', 0]
[rosmaster.master][INFO] 2020-05-12 21:11:58,275: +PUB [/camera/rgb/image_raw/theora] /gazebo http://rosdscomputer:34227/
[rosmaster.master][INFO] 2020-05-12 21:11:58,277: +SERVICE [/camera/rgb/image_raw/theora/set_parameters] /gazebo http://rosdscomputer:34227/
[rosmaster.master][INFO] 2020-05-12 21:11:58,280: +PUB [/camera/rgb/image_raw/theora/parameter_descriptions] /gazebo http://rosdscomputer:34227/
[rosmaster.master][INFO] 2020-05-12 21:11:58,284: +PUB [/camera/rgb/image_raw/theora/parameter_updates] /gazebo http://rosdscomputer:34227/
[rosmaster.master][INFO] 2020-05-12 21:11:58,301: +PARAM [/camera/rgb/image_raw/theora/optimize_for] by /gazebo
[rosmaster.master][INFO] 2020-05-12 21:11:58,305: +PARAM [/camera/rgb/image_raw/theora/target_bitrate] by /gazebo
[rosmaster.master][INFO] 2020-05-12 21:11:58,306: +PARAM [/camera/rgb/image_raw/theora/quality] by /gazebo
[rosmaster.master][INFO] 2020-05-12 21:11:58,306: +PARAM [/camera/rgb/image_raw/theora/keyframe_frequency] by /gazebo
[rosmaster.master][INFO] 2020-05-12 21:11:58,307: +PARAM [/camera/rgb/image_raw/theora/optimize_for] by /gazebo
[rosmaster.master][INFO] 2020-05-12 21:11:58,308: +PARAM [/camera/rgb/image_raw/theora/target_bitrate] by /gazebo
[rosmaster.master][INFO] 2020-05-12 21:11:58,309: +PARAM [/camera/rgb/image_raw/theora/quality] by /gazebo
[rosmaster.master][INFO] 2020-05-12 21:11:58,310: +PARAM [/camera/rgb/image_raw/theora/keyframe_frequency] by /gazebo
[rosmaster.master][INFO] 2020-05-12 21:11:58,311: +PUB [/camera/rgb/camera_info] /gazebo http://rosdscomputer:34227/
[rosmaster.master][INFO] 2020-05-12 21:11:58,312: +PUB [/camera/depth/points] /gazebo http://rosdscomputer:34227/
[rosmaster.master][INFO] 2020-05-12 21:11:58,313: +PUB [/camera/depth/image_raw] /gazebo http://rosdscomputer:34227/
[rosmaster.master][INFO] 2020-05-12 21:11:58,314: +PUB [/camera/depth/camera_info] /gazebo http://rosdscomputer:34227/
