Determining if the pthread_create exist failed with the following output:
Change Dir: /home/user/catkin_ws/build/CMakeFiles/CMakeTmp

Run Build Command:"/usr/bin/make" "cmTC_956ae/fast"
/usr/bin/make -f CMakeFiles/cmTC_956ae.dir/build.make CMakeFiles/cmTC_956ae.dir/build
make[1]: Entering directory '/home/user/catkin_ws/build/CMakeFiles/CMakeTmp'
Building C object CMakeFiles/cmTC_956ae.dir/CheckSymbolExists.c.o
/usr/bin/cc     -o CMakeFiles/cmTC_956ae.dir/CheckSymbolExists.c.o   -c /home/user/catkin_ws/build/CMakeFiles/CMakeTmp/CheckSymbolExists.c
Linking C executable cmTC_956ae
/usr/bin/cmake -E cmake_link_script CMakeFiles/cmTC_956ae.dir/link.txt --verbose=1
/usr/bin/cc       CMakeFiles/cmTC_956ae.dir/CheckSymbolExists.c.o  -o cmTC_956ae -rdynamic 
CMakeFiles/cmTC_956ae.dir/CheckSymbolExists.c.o: In function `main':
CheckSymbolExists.c:(.text+0x16): undefined reference to `pthread_create'
collect2: error: ld returned 1 exit status
CMakeFiles/cmTC_956ae.dir/build.make:97: recipe for target 'cmTC_956ae' failed
make[1]: *** [cmTC_956ae] Error 1
make[1]: Leaving directory '/home/user/catkin_ws/build/CMakeFiles/CMakeTmp'
Makefile:126: recipe for target 'cmTC_956ae/fast' failed
make: *** [cmTC_956ae/fast] Error 2

File /home/user/catkin_ws/build/CMakeFiles/CMakeTmp/CheckSymbolExists.c:
/* */
#include <pthread.h>

int main(int argc, char** argv)
{
  (void)argv;
#ifndef pthread_create
  return ((int*)(&pthread_create))[argc];
#else
  (void)argc;
  return 0;
#endif
}

Determining if the function pthread_create exists in the pthreads failed with the following output:
Change Dir: /home/user/catkin_ws/build/CMakeFiles/CMakeTmp

Run Build Command:"/usr/bin/make" "cmTC_41734/fast"
/usr/bin/make -f CMakeFiles/cmTC_41734.dir/build.make CMakeFiles/cmTC_41734.dir/build
make[1]: Entering directory '/home/user/catkin_ws/build/CMakeFiles/CMakeTmp'
Building C object CMakeFiles/cmTC_41734.dir/CheckFunctionExists.c.o
/usr/bin/cc    -DCHECK_FUNCTION_EXISTS=pthread_create   -o CMakeFiles/cmTC_41734.dir/CheckFunctionExists.c.o   -c /usr/share/cmake-3.5/Modules/CheckFunctionExists.c
Linking C executable cmTC_41734
/usr/bin/cmake -E cmake_link_script CMakeFiles/cmTC_41734.dir/link.txt --verbose=1
/usr/bin/cc   -DCHECK_FUNCTION_EXISTS=pthread_create    CMakeFiles/cmTC_41734.dir/CheckFunctionExists.c.o  -o cmTC_41734 -rdynamic -lpthreads 
/usr/bin/ld: cannot find -lpthreads
collect2: error: ld returned 1 exit status
CMakeFiles/cmTC_41734.dir/build.make:97: recipe for target 'cmTC_41734' failed
make[1]: *** [cmTC_41734] Error 1
make[1]: Leaving directory '/home/user/catkin_ws/build/CMakeFiles/CMakeTmp'
Makefile:126: recipe for target 'cmTC_41734/fast' failed
make: *** [cmTC_41734/fast] Error 2


